23:33:23: Creating resource group General
23:33:23: Creating resource group Internal
23:33:23: Creating resource group Autodetect
23:33:23: SceneManagerFactory for type 'DefaultSceneManager' registered.
23:33:23: Registering ResourceManager for type Material
23:33:23: Registering ResourceManager for type Mesh
23:33:23: Registering ResourceManager for type Skeleton
23:33:23: MovableObjectFactory for type 'ParticleSystem' registered.
23:33:23: OverlayElementFactory for type Panel registered.
23:33:23: OverlayElementFactory for type BorderPanel registered.
23:33:23: OverlayElementFactory for type TextArea registered.
23:33:23: Registering ResourceManager for type Font
23:33:23: ArchiveFactory for archive type FileSystem registered.
23:33:23: ArchiveFactory for archive type Zip registered.
23:33:23: FreeImage version: 3.10.0
23:33:23: This program uses FreeImage, a free, open source image library supporting all common bitmap formats. See http://freeimage.sourceforge.net for details
23:33:23: Supported formats: bmp,ico,jpg,jif,jpeg,jpe,jng,koa,iff,lbm,mng,pbm,pbm,pcd,pcx,pgm,pgm,png,ppm,ppm,ras,tga,targa,tif,tiff,wap,wbmp,wbm,psd,cut,xbm,xpm,gif,hdr,g3,sgi,exr,j2k,j2c,jp2
23:33:23: DDS codec registering
23:33:23: Registering ResourceManager for type HighLevelGpuProgram
23:33:23: Registering ResourceManager for type Compositor
23:33:23: MovableObjectFactory for type 'Entity' registered.
23:33:23: MovableObjectFactory for type 'Light' registered.
23:33:23: MovableObjectFactory for type 'BillboardSet' registered.
23:33:23: MovableObjectFactory for type 'ManualObject' registered.
23:33:23: MovableObjectFactory for type 'BillboardChain' registered.
23:33:23: MovableObjectFactory for type 'RibbonTrail' registered.
23:33:23: Loading library ..\..\Bin\Debug\RenderSystem_GL_d
23:33:23: Installing plugin: GL RenderSystem
23:33:23: OpenGL Rendering Subsystem created.
23:33:23: Plugin successfully installed
23:33:23: Loading library ..\..\Bin\Debug\Plugin_ParticleFX_d
23:33:23: Installing plugin: ParticleFX
23:33:23: Particle Emitter Type 'Point' registered
23:33:23: Particle Emitter Type 'Box' registered
23:33:23: Particle Emitter Type 'Ellipsoid' registered
23:33:23: Particle Emitter Type 'Cylinder' registered
23:33:23: Particle Emitter Type 'Ring' registered
23:33:23: Particle Emitter Type 'HollowEllipsoid' registered
23:33:23: Particle Affector Type 'LinearForce' registered
23:33:23: Particle Affector Type 'ColourFader' registered
23:33:23: Particle Affector Type 'ColourFader2' registered
23:33:23: Particle Affector Type 'ColourImage' registered
23:33:23: Particle Affector Type 'ColourInterpolator' registered
23:33:23: Particle Affector Type 'Scaler' registered
23:33:23: Particle Affector Type 'Rotator' registered
23:33:23: Particle Affector Type 'DirectionRandomiser' registered
23:33:23: Particle Affector Type 'DeflectorPlane' registered
23:33:23: Plugin successfully installed
23:33:23: Loading library ..\..\Bin\Debug\Plugin_OctreeSceneManager_d
23:33:23: Installing plugin: Octree & Terrain Scene Manager
23:33:23: Plugin successfully installed
23:33:23: Loading library ..\..\Bin\Debug\Plugin_CgProgramManager_d
23:33:23: Installing plugin: Cg Program Manager
23:33:24: Plugin successfully installed
23:33:24: *-*-* OGRE Initialising
23:33:24: *-*-* Version 1.8.0unstable (Byatis)
23:33:24: Creating resource group Bootstrap
23:33:24: Added resource location '.\Media\OgreCore.zip' of type 'Zip' to resource group 'Bootstrap'
23:33:24: Added resource location '.\Media' of type 'FileSystem' to resource group 'General'
23:33:24: Creating resource group OgreOde
23:33:24: Added resource location './Media' of type 'FileSystem' to resource group 'OgreOde'
23:33:24: CPU Identifier & Features
23:33:24: -------------------------
23:33:24:  *   CPU ID: GenuineIntel: Intel(R) Core(TM)2 Quad  CPU   Q8200  @ 2.33GHz
23:33:24:  *      SSE: yes
23:33:24:  *     SSE2: yes
23:33:24:  *     SSE3: yes
23:33:24:  *      MMX: yes
23:33:24:  *   MMXEXT: yes
23:33:24:  *    3DNOW: no
23:33:24:  * 3DNOWEXT: no
23:33:24:  *     CMOV: yes
23:33:24:  *      TSC: yes
23:33:24:  *      FPU: yes
23:33:24:  *      PRO: yes
23:33:24:  *       HT: no
23:33:24: -------------------------
23:33:24: *** Starting Win32GL Subsystem ***
23:33:24: GLRenderSystem::_createRenderWindow "OGRE Render Window", 640x480 windowed  miscParams: FSAA=0 FSAAHint= colourDepth=32 displayFrequency=0 gamma=false vsync=false vsyncInterval=1 
23:33:25: Created Win32Window 'OGRE Render Window' : 648x507, 32bpp
23:33:25: GL_VERSION = 2.1.2
23:33:25: GL_VENDOR = NVIDIA Corporation
23:33:25: GL_RENDERER = GeForce 9800 GTX/9800 GTX+/PCI/SSE2
23:33:25: GL_EXTENSIONS = GL_ARB_color_buffer_float GL_ARB_depth_texture GL_ARB_draw_buffers GL_ARB_fragment_program GL_ARB_fragment_program_shadow GL_ARB_fragment_shader GL_ARB_half_float_pixel GL_ARB_imaging GL_ARB_multisample GL_ARB_multitexture GL_ARB_occlusion_query GL_ARB_pixel_buffer_object GL_ARB_point_parameters GL_ARB_point_sprite GL_ARB_shadow GL_ARB_shader_objects GL_ARB_shading_language_100 GL_ARB_texture_border_clamp GL_ARB_texture_compression GL_ARB_texture_cube_map GL_ARB_texture_env_add GL_ARB_texture_env_combine GL_ARB_texture_env_dot3 GL_ARB_texture_float GL_ARB_texture_mirrored_repeat GL_ARB_texture_non_power_of_two GL_ARB_texture_rectangle GL_ARB_transpose_matrix GL_ARB_vertex_buffer_object GL_ARB_vertex_program GL_ARB_vertex_shader GL_ARB_window_pos GL_ATI_draw_buffers GL_ATI_texture_float GL_ATI_texture_mirror_once GL_S3_s3tc GL_EXT_texture_env_add GL_EXT_abgr GL_EXT_bgra GL_EXT_blend_color GL_EXT_blend_equation_separate GL_EXT_blend_func_separate GL_EXT_blend_minmax GL_EXT_blend_subtract GL_EXT_compiled_vertex_array GL_EXT_Cg_shader GL_EXT_bindable_uniform GL_EXT_depth_bounds_test GL_EXT_draw_buffers2 GL_EXT_draw_instanced GL_EXT_draw_range_elements GL_EXT_fog_coord GL_EXT_framebuffer_blit GL_EXT_framebuffer_multisample GL_EXT_framebuffer_object GL_EXTX_framebuffer_mixed_formats GL_EXT_framebuffer_sRGB GL_EXT_geometry_shader4 GL_EXT_gpu_program_parameters GL_EXT_gpu_shader4 GL_EXT_multi_draw_arrays GL_EXT_packed_depth_stencil GL_EXT_packed_float GL_EXT_packed_pixels GL_EXT_pixel_buffer_object GL_EXT_point_parameters GL_EXT_rescale_normal GL_EXT_secondary_color GL_EXT_separate_specular_color GL_EXT_shadow_funcs GL_EXT_stencil_two_side GL_EXT_stencil_wrap GL_EXT_texture3D GL_EXT_texture_array GL_EXT_texture_buffer_object GL_EXT_texture_compression_latc GL_EXT_texture_compression_rgtc GL_EXT_texture_compression_s3tc GL_EXT_texture_cube_map GL_EXT_texture_edge_clamp GL_EXT_texture_env_combine GL_EXT_texture_env_dot3 GL_EXT_texture_filter_anisotropic GL_EXT_texture_integer GL_EXT_texture_lod GL_EXT_texture_lod_bias GL_EXT_texture_mirror_clamp GL_EXT_texture_object GL_EXT_texture_sRGB GL_EXT_texture_shared_exponent GL_EXT_timer_query GL_EXT_vertex_array GL_IBM_rasterpos_clip GL_IBM_texture_mirrored_repeat GL_KTX_buffer_region GL_NV_blend_square GL_NV_copy_depth_to_color GL_NV_depth_buffer_float GL_NV_conditional_render GL_NV_depth_clamp GL_NV_fence GL_NV_float_buffer GL_NV_fog_distance GL_NV_fragment_program GL_NV_fragment_program_option GL_NV_fragment_program2 GL_NV_framebuffer_multisample_coverage GL_NV_geometry_shader4 GL_NV_gpu_program4 GL_NV_half_float GL_NV_light_max_exponent GL_NV_multisample_coverage GL_NV_multisample_filter_hint GL_NV_occlusion_query GL_NV_packed_depth_stencil GL_NV_parameter_buffer_object GL_NV_pixel_data_range GL_NV_point_sprite GL_NV_primitive_restart GL_NV_register_combiners GL_NV_register_combiners2 GL_NV_texgen_reflection GL_NV_texture_compression_vtc GL_NV_texture_env_combine4 GL_NV_texture_expand_normal GL_NV_texture_rectangle GL_NV_texture_shader GL_NV_texture_shader2 GL_NV_texture_shader3 GL_NV_transform_feedback GL_NV_vertex_array_range GL_NV_vertex_array_range2 GL_NV_vertex_program GL_NV_vertex_program1_1 GL_NV_vertex_program2 GL_NV_vertex_program2_option GL_NV_vertex_program3 GL_NVX_conditional_render GL_SGIS_generate_mipmap GL_SGIS_texture_lod GL_SGIX_depth_texture GL_SGIX_shadow GL_SUN_slice_accum GL_WIN_swap_hint WGL_EXT_swap_control 
23:33:25: Supported WGL extensions: WGL_ARB_buffer_region WGL_ARB_extensions_string WGL_ARB_make_current_read WGL_ARB_multisample WGL_ARB_pbuffer WGL_ARB_pixel_format WGL_ARB_pixel_format_float WGL_ARB_render_texture WGL_ATI_pixel_format_float WGL_EXT_extensions_string WGL_EXT_framebuffer_sRGB WGL_EXT_pixel_format_packed_float WGL_EXT_swap_control WGL_NV_float_buffer WGL_NV_multisample_coverage WGL_NV_render_depth_texture WGL_NV_render_texture_rectangle 
23:33:25: ***************************
23:33:25: *** GL Renderer Started ***
23:33:25: ***************************
23:33:25: Registering ResourceManager for type GpuProgram
23:33:25: GLSL support detected
23:33:25: GL: Using GL_EXT_framebuffer_object for rendering to textures (best)
23:33:25: FBO PF_UNKNOWN depth/stencil support: D16S0 D24S0 D32S0 Packed-D24S8 
23:33:25: FBO PF_L8 depth/stencil support: D0S0 D16S0 D24S0 D32S0 Packed-D24S8 
23:33:25: FBO PF_A8 depth/stencil support: D0S0 D16S0 D24S0 D32S0 Packed-D24S8 
23:33:25: FBO PF_A4L4 depth/stencil support: D0S0 D16S0 D24S0 D32S0 Packed-D24S8 
23:33:25: FBO PF_BYTE_LA depth/stencil support: D0S0 D16S0 D24S0 D32S0 Packed-D24S8 
23:33:25: FBO PF_R5G6B5 depth/stencil support: D0S0 D16S0 D24S0 D32S0 Packed-D24S8 
23:33:25: FBO PF_B5G6R5 depth/stencil support: D0S0 D16S0 D24S0 D32S0 Packed-D24S8 
23:33:25: FBO PF_A1R5G5B5 depth/stencil support: D0S0 D16S0 D24S0 D32S0 Packed-D24S8 
23:33:25: FBO PF_R8G8B8 depth/stencil support: D0S0 D16S0 D24S0 D32S0 Packed-D24S8 
23:33:25: FBO PF_B8G8R8 depth/stencil support: D0S0 D16S0 D24S0 D32S0 Packed-D24S8 
23:33:25: FBO PF_A8R8G8B8 depth/stencil support: D0S0 D16S0 D24S0 D32S0 Packed-D24S8 
23:33:25: FBO PF_B8G8R8A8 depth/stencil support: D0S0 D16S0 D24S0 D32S0 Packed-D24S8 
23:33:25: FBO PF_A2R10G10B10 depth/stencil support: D0S0 D16S0 D24S0 D32S0 Packed-D24S8 
23:33:25: FBO PF_A2B10G10R10 depth/stencil support: D0S0 D16S0 D24S0 D32S0 Packed-D24S8 
23:33:25: FBO PF_FLOAT16_RGB depth/stencil support: D0S0 D16S0 D24S0 D32S0 Packed-D24S8 
23:33:25: FBO PF_FLOAT16_RGBA depth/stencil support: D0S0 D16S0 D24S0 D32S0 Packed-D24S8 
23:33:25: FBO PF_FLOAT32_RGB depth/stencil support: D0S0 D16S0 D24S0 D32S0 Packed-D24S8 
23:33:25: FBO PF_FLOAT32_RGBA depth/stencil support: D0S0 D16S0 D24S0 D32S0 Packed-D24S8 
23:33:26: FBO PF_X8R8G8B8 depth/stencil support: D0S0 D16S0 D24S0 D32S0 Packed-D24S8 
23:33:26: FBO PF_X8B8G8R8 depth/stencil support: D0S0 D16S0 D24S0 D32S0 Packed-D24S8 
23:33:26: FBO PF_SHORT_RGBA depth/stencil support: D0S0 D16S0 D24S0 D32S0 Packed-D24S8 
23:33:26: FBO PF_R3G3B2 depth/stencil support: D0S0 D16S0 D24S0 D32S0 Packed-D24S8 
23:33:26: FBO PF_FLOAT16_R depth/stencil support: D0S0 D16S0 D24S0 D32S0 Packed-D24S8 
23:33:26: FBO PF_FLOAT32_R depth/stencil support: D0S0 D16S0 D24S0 D32S0 Packed-D24S8 
23:33:26: FBO PF_FLOAT16_GR depth/stencil support: D0S0 D16S0 D24S0 D32S0 Packed-D24S8 
23:33:26: FBO PF_FLOAT32_GR depth/stencil support: D0S0 D16S0 D24S0 D32S0 Packed-D24S8 
23:33:26: FBO PF_SHORT_RGB depth/stencil support: D0S0 D16S0 D24S0 D32S0 Packed-D24S8 
23:33:26: [GL] : Valid FBO targets PF_UNKNOWN PF_L8 PF_A8 PF_A4L4 PF_BYTE_LA PF_R5G6B5 PF_B5G6R5 PF_A1R5G5B5 PF_R8G8B8 PF_B8G8R8 PF_A8R8G8B8 PF_B8G8R8A8 PF_A2R10G10B10 PF_A2B10G10R10 PF_FLOAT16_RGB PF_FLOAT16_RGBA PF_FLOAT32_RGB PF_FLOAT32_RGBA PF_X8R8G8B8 PF_X8B8G8R8 PF_SHORT_RGBA PF_R3G3B2 PF_FLOAT16_R PF_FLOAT32_R PF_FLOAT16_GR PF_FLOAT32_GR PF_SHORT_RGB 
23:33:26: RenderSystem capabilities
23:33:26: -------------------------
23:33:26: RenderSystem Name: OpenGL Rendering Subsystem
23:33:26: GPU Vendor: nvidia
23:33:26: Device Name: GeForce 9800 GTX/9800 GTX+/PCI/SSE2
23:33:26: Driver Version: 2.1.2.0
23:33:26:  * Fixed function pipeline: yes
23:33:26:  * Hardware generation of mipmaps: yes
23:33:26:  * Texture blending: yes
23:33:26:  * Anisotropic texture filtering: yes
23:33:26:  * Dot product texture operation: yes
23:33:26:  * Cube mapping: yes
23:33:26:  * Hardware stencil buffer: yes
23:33:26:    - Stencil depth: 8
23:33:26:    - Two sided stencil support: yes
23:33:26:    - Wrap stencil values: yes
23:33:26:  * Hardware vertex / index buffers: yes
23:33:26:  * Vertex programs: yes
23:33:26:  * Number of floating-point constants for vertex programs: 1024
23:33:26:  * Number of integer constants for vertex programs: 0
23:33:26:  * Number of boolean constants for vertex programs: 0
23:33:26:  * Fragment programs: yes
23:33:26:  * Number of floating-point constants for fragment programs: 512
23:33:26:  * Number of integer constants for fragment programs: 0
23:33:26:  * Number of boolean constants for fragment programs: 0
23:33:26:  * Geometry programs: yes
23:33:26:  * Number of floating-point constants for geometry programs: 512
23:33:26:  * Number of integer constants for geometry programs: 0
23:33:26:  * Number of boolean constants for geometry programs: 0
23:33:26:  * Supported Shader Profiles: arbfp1 arbvp1 fp20 fp30 fp40 glsl gp4gp gpu_gp nvgp4 vp30 vp40
23:33:26:  * Texture Compression: yes
23:33:26:    - DXT: yes
23:33:26:    - VTC: yes
23:33:26:    - PVRTC: no
23:33:26:  * Scissor Rectangle: yes
23:33:26:  * Hardware Occlusion Query: yes
23:33:26:  * User clip planes: yes
23:33:26:  * VET_UBYTE4 vertex element type: yes
23:33:26:  * Infinite far plane projection: yes
23:33:26:  * Hardware render-to-texture: yes
23:33:26:  * Floating point textures: yes
23:33:26:  * Non-power-of-two textures: yes
23:33:26:  * Volume textures: yes
23:33:26:  * Multiple Render Targets: 8
23:33:26:    - With different bit depths: yes
23:33:26:  * Point Sprites: yes
23:33:26:  * Extended point parameters: yes
23:33:26:  * Max Point Size: 63.375
23:33:26:  * Vertex texture fetch: yes
23:33:26:  * Number of world matrices: 0
23:33:26:  * Number of texture units: 32
23:33:26:  * Stencil buffer depth: 8
23:33:26:  * Number of vertex blend matrices: 0
23:33:26:    - Max vertex textures: 32
23:33:26:    - Vertex textures shared: yes
23:33:26:  * Render to Vertex Buffer : yes
23:33:26:  * GL 1.5 without VBO workaround: no
23:33:26:  * Frame Buffer objects: yes
23:33:26:  * Frame Buffer objects (ARB extension): no
23:33:26:  * Frame Buffer objects (ATI extension): no
23:33:26:  * PBuffer support: no
23:33:26:  * GL 1.5 without HW-occlusion workaround: no
23:33:26: Registering ResourceManager for type Texture
23:33:26: DefaultWorkQueue('Root') initialising on thread main.
23:33:26: Particle Renderer Type 'billboard' registered
23:33:26: SceneManagerFactory for type 'OctreeSceneManager' registered.
23:33:26: SceneManagerFactory for type 'TerrainSceneManager' registered.
23:33:26: Parsing scripts for resource group Autodetect
23:33:26: Finished parsing scripts for resource group Autodetect
23:33:26: Parsing scripts for resource group Bootstrap
23:33:26: Parsing script OgreCore.material
23:33:26: Parsing script OgreProfiler.material
23:33:26: Parsing script Ogre.fontdef
23:33:26: Parsing script OgreDebugPanel.overlay
23:33:26: Texture: New_Ogre_Border_Center.png: Loading 1 faces(PF_A8R8G8B8,256x128x1) with 5 generated mipmaps from Image. Internal format is PF_A8R8G8B8,256x128x1.
23:33:26: Texture: New_Ogre_Border.png: Loading 1 faces(PF_A8R8G8B8,256x256x1) with 5 generated mipmaps from Image. Internal format is PF_A8R8G8B8,256x256x1.
23:33:26: Texture: New_Ogre_Border_Break.png: Loading 1 faces(PF_A8R8G8B8,32x32x1) with 5 generated mipmaps from Image. Internal format is PF_A8R8G8B8,32x32x1.
23:33:26: Font BlueHighwayusing texture size 512x512
23:33:26: Info: Freetype returned null for character 127 in font BlueHighway
23:33:26: Info: Freetype returned null for character 128 in font BlueHighway
23:33:26: Info: Freetype returned null for character 129 in font BlueHighway
23:33:26: Info: Freetype returned null for character 130 in font BlueHighway
23:33:26: Info: Freetype returned null for character 131 in font BlueHighway
23:33:26: Info: Freetype returned null for character 132 in font BlueHighway
23:33:26: Info: Freetype returned null for character 133 in font BlueHighway
23:33:26: Info: Freetype returned null for character 134 in font BlueHighway
23:33:26: Info: Freetype returned null for character 135 in font BlueHighway
23:33:26: Info: Freetype returned null for character 136 in font BlueHighway
23:33:26: Info: Freetype returned null for character 137 in font BlueHighway
23:33:26: Info: Freetype returned null for character 138 in font BlueHighway
23:33:26: Info: Freetype returned null for character 139 in font BlueHighway
23:33:26: Info: Freetype returned null for character 140 in font BlueHighway
23:33:26: Info: Freetype returned null for character 141 in font BlueHighway
23:33:26: Info: Freetype returned null for character 142 in font BlueHighway
23:33:26: Info: Freetype returned null for character 143 in font BlueHighway
23:33:26: Info: Freetype returned null for character 144 in font BlueHighway
23:33:26: Info: Freetype returned null for character 145 in font BlueHighway
23:33:26: Info: Freetype returned null for character 146 in font BlueHighway
23:33:26: Info: Freetype returned null for character 147 in font BlueHighway
23:33:26: Info: Freetype returned null for character 148 in font BlueHighway
23:33:26: Info: Freetype returned null for character 149 in font BlueHighway
23:33:26: Info: Freetype returned null for character 150 in font BlueHighway
23:33:26: Info: Freetype returned null for character 151 in font BlueHighway
23:33:26: Info: Freetype returned null for character 152 in font BlueHighway
23:33:26: Info: Freetype returned null for character 153 in font BlueHighway
23:33:26: Info: Freetype returned null for character 154 in font BlueHighway
23:33:26: Info: Freetype returned null for character 155 in font BlueHighway
23:33:26: Info: Freetype returned null for character 156 in font BlueHighway
23:33:26: Info: Freetype returned null for character 157 in font BlueHighway
23:33:26: Info: Freetype returned null for character 158 in font BlueHighway
23:33:26: Info: Freetype returned null for character 159 in font BlueHighway
23:33:26: Info: Freetype returned null for character 160 in font BlueHighway
23:33:26: Texture: BlueHighwayTexture: Loading 1 faces(PF_BYTE_LA,512x512x1) with 0 generated mipmaps from Image. Internal format is PF_BYTE_LA,512x512x1.
23:33:26: Texture: ogretext.png: Loading 1 faces(PF_A8R8G8B8,256x128x1) with 5 generated mipmaps from Image. Internal format is PF_A8R8G8B8,256x128x1.
23:33:26: Parsing script OgreLoadingPanel.overlay
23:33:26: Finished parsing scripts for resource group Bootstrap
23:33:26: Parsing scripts for resource group General
23:33:26: Parsing script apache_body.material
23:33:26: Parsing script autoterraintexture.material
23:33:26: Compiler error: number expected in autoterraintexture.material(43): incorrect float constant declaration
23:33:26: Parsing script ball.material
23:33:26: Parsing script capsule.material
23:33:26: Parsing script crate.material
23:33:26: Parsing script door.material
23:33:26: Parsing script gun.material
23:33:26: Parsing script jeep_body.material
23:33:26: Parsing script jeep_wheell.material
23:33:26: Parsing script jeep_wheelr.material
23:33:26: Parsing script kk3d.material
23:33:26: Parsing script landscape.material
23:33:26: Parsing script main_rotor.material
23:33:26: Parsing script plane.material
23:33:26: Parsing script racingcircuit.material
23:33:26: Parsing script scooby_body.material
23:33:26: Parsing script scooby_wheel.material
23:33:26: Parsing script tail_rotor.material
23:33:26: Parsing script target.material
23:33:26: Parsing script ogreodedemos.overlay
23:33:26: Texture: target.png: Loading 1 faces(PF_A8R8G8B8,45x45x1) with 5 generated mipmaps from Image. Internal format is PF_A8R8G8B8,45x45x1.
23:33:26: Finished parsing scripts for resource group General
23:33:26: Parsing scripts for resource group Internal
23:33:26: Finished parsing scripts for resource group Internal
23:33:26: Parsing scripts for resource group OgreOde
23:33:26: Parsing script apache_body.material
23:33:26: Parsing script autoterraintexture.material
23:33:26: Compiler error: number expected in autoterraintexture.material(43): incorrect float constant declaration
23:33:26: Parsing script ball.material
23:33:26: Parsing script capsule.material
23:33:26: Parsing script crate.material
23:33:26: Parsing script door.material
23:33:26: Parsing script gun.material
23:33:26: Parsing script jeep_body.material
23:33:26: Parsing script jeep_wheell.material
23:33:26: Parsing script jeep_wheelr.material
23:33:26: Parsing script kk3d.material
23:33:26: Parsing script landscape.material
23:33:26: Parsing script main_rotor.material
23:33:26: Parsing script plane.material
23:33:26: Parsing script racingcircuit.material
23:33:26: Parsing script scooby_body.material
23:33:26: Parsing script scooby_wheel.material
23:33:26: Parsing script tail_rotor.material
23:33:26: Parsing script target.material
23:33:26: Parsing script ogreodedemos.overlay
23:33:26: Skipping loading overlay include: 'ogreodedemos.overlay as it is already loaded.
23:33:26: Finished parsing scripts for resource group OgreOde
23:33:27: Texture: desert07_FR.jpg: Loading 1 faces(PF_R8G8B8,512x512x1) with 5 generated mipmaps from Image. Internal format is PF_X8R8G8B8,512x512x1.
23:33:27: Texture: desert07_BK.jpg: Loading 1 faces(PF_R8G8B8,512x512x1) with 5 generated mipmaps from Image. Internal format is PF_X8R8G8B8,512x512x1.
23:33:27: Texture: desert07_LF.jpg: Loading 1 faces(PF_R8G8B8,512x512x1) with 5 generated mipmaps from Image. Internal format is PF_X8R8G8B8,512x512x1.
23:33:27: Texture: desert07_RT.jpg: Loading 1 faces(PF_R8G8B8,512x512x1) with 5 generated mipmaps from Image. Internal format is PF_X8R8G8B8,512x512x1.
23:33:27: Texture: desert07_UP.jpg: Loading 1 faces(PF_R8G8B8,512x512x1) with 5 generated mipmaps from Image. Internal format is PF_X8R8G8B8,512x512x1.
23:33:27: Texture: desert07_DN.jpg: Loading 1 faces(PF_R8G8B8,512x512x1) with 5 generated mipmaps from Image. Internal format is PF_X8R8G8B8,512x512x1.
23:33:27: Mesh: Loading plane.mesh.
23:33:27: WARNING: plane.mesh is an older format ([MeshSerializer_v1.20]); you should upgrade it as soon as possible using the OgreMeshUpgrade tool.
23:33:27: Texture: tiled_floor.jpg: Loading 1 faces(PF_R8G8B8,512x512x1) with 5 generated mipmaps from Image. Internal format is PF_X8R8G8B8,512x512x1.
23:33:27: *** Initializing OIS ***
23:33:29: MovableObjectFactory for type 'ODERagdoll' registered.
23:33:29: Mesh: Loading ball.mesh.
23:33:29: WARNING: ball.mesh is an older format ([MeshSerializer_v1.40]); you should upgrade it as soon as possible using the OgreMeshUpgrade tool.
23:33:29: Texture: ball.png: Loading 1 faces(PF_R8G8B8,128x128x1) with 5 generated mipmaps from Image. Internal format is PF_X8R8G8B8,128x128x1.
23:33:29: Mesh: Loading door.mesh.
23:33:29: WARNING: door.mesh is an older format ([MeshSerializer_v1.40]); you should upgrade it as soon as possible using the OgreMeshUpgrade tool.
23:33:29: Texture: door.png: Loading 1 faces(PF_R8G8B8,512x1024x1) with 5 generated mipmaps from Image. Internal format is PF_X8R8G8B8,512x1024x1.
23:33:36: MovableObjectFactory for type 'ODERagdoll' registered.
23:33:36: OGRE EXCEPTION(2:InvalidParametersException): Cannot find required template 'myExplosionTemplate' in ParticleSystemManager::createSystem at ..\..\OgreMain\src\OgreParticleSystemManager.cpp (line 327)
