01:53:23: Creating resource group General
01:53:23: Creating resource group Internal
01:53:23: Creating resource group Autodetect
01:53:23: SceneManagerFactory for type 'DefaultSceneManager' registered.
01:53:23: Registering ResourceManager for type Material
01:53:23: Registering ResourceManager for type Mesh
01:53:23: Registering ResourceManager for type Skeleton
01:53:23: MovableObjectFactory for type 'ParticleSystem' registered.
01:53:23: OverlayElementFactory for type Panel registered.
01:53:23: OverlayElementFactory for type BorderPanel registered.
01:53:23: OverlayElementFactory for type TextArea registered.
01:53:23: Registering ResourceManager for type Font
01:53:23: ArchiveFactory for archive type FileSystem registered.
01:53:23: ArchiveFactory for archive type Zip registered.
01:53:23: FreeImage version: 3.10.0
01:53:23: This program uses FreeImage, a free, open source image library supporting all common bitmap formats. See http://freeimage.sourceforge.net for details
01:53:23: Supported formats: bmp,ico,jpg,jif,jpeg,jpe,jng,koa,iff,lbm,mng,pbm,pbm,pcd,pcx,pgm,pgm,png,ppm,ppm,ras,tga,targa,tif,tiff,wap,wbmp,wbm,psd,cut,xbm,xpm,gif,hdr,g3,sgi,exr,j2k,j2c,jp2
01:53:23: DDS codec registering
01:53:23: Registering ResourceManager for type HighLevelGpuProgram
01:53:23: Registering ResourceManager for type Compositor
01:53:23: MovableObjectFactory for type 'Entity' registered.
01:53:23: MovableObjectFactory for type 'Light' registered.
01:53:23: MovableObjectFactory for type 'BillboardSet' registered.
01:53:23: MovableObjectFactory for type 'ManualObject' registered.
01:53:23: MovableObjectFactory for type 'BillboardChain' registered.
01:53:23: MovableObjectFactory for type 'RibbonTrail' registered.
01:53:23: *-*-* OGRE Initialising
01:53:23: *-*-* Version 1.8.0unstable (Byatis)
01:53:23: Added resource location '../../media/Common' of type 'FileSystem' to resource group 'General'
01:53:23: Added resource location '../../media/Common/fonts.zip' of type 'Zip' to resource group 'General'
01:53:23: Added resource location '../../media/Common/music.zip' of type 'Zip' to resource group 'General'
01:53:23: Added resource location '../../media/Common/theme.zip' of type 'Zip' to resource group 'General'
01:53:23: Added resource location '../../media/Common/sky.zip' of type 'Zip' to resource group 'General'
01:53:23: Added resource location '../../media/Common/soldier.zip' of type 'Zip' to resource group 'General'
01:53:23: Added resource location '../../media/Common/GenMarine.zip' of type 'Zip' to resource group 'General'
01:53:23: Loading library RenderSystem_Direct3D9_d
01:53:24: Installing plugin: D3D9 RenderSystem
01:53:24: D3D9 : Direct3D9 Rendering Subsystem created.
01:53:24: D3D9: Driver Detection Starts
01:53:24: D3D9: Driver Detection Ends
01:53:24: Plugin successfully installed
01:53:24: Loading library Plugin_ParticleFX_d
01:53:24: Installing plugin: ParticleFX
01:53:24: Particle Emitter Type 'Point' registered
01:53:24: Particle Emitter Type 'Box' registered
01:53:24: Particle Emitter Type 'Ellipsoid' registered
01:53:24: Particle Emitter Type 'Cylinder' registered
01:53:24: Particle Emitter Type 'Ring' registered
01:53:24: Particle Emitter Type 'HollowEllipsoid' registered
01:53:24: Particle Affector Type 'LinearForce' registered
01:53:24: Particle Affector Type 'ColourFader' registered
01:53:24: Particle Affector Type 'ColourFader2' registered
01:53:24: Particle Affector Type 'ColourImage' registered
01:53:24: Particle Affector Type 'ColourInterpolator' registered
01:53:24: Particle Affector Type 'Scaler' registered
01:53:24: Particle Affector Type 'Rotator' registered
01:53:24: Particle Affector Type 'DirectionRandomiser' registered
01:53:24: Particle Affector Type 'DeflectorPlane' registered
01:53:24: Plugin successfully installed
01:53:24: Loading library Plugin_CgProgramManager_d
01:53:24: Installing plugin: Cg Program Manager
01:53:24: Plugin successfully installed
01:53:24: Loading library Plugin_OctreeSceneManager_d
01:53:24: Installing plugin: Octree & Terrain Scene Manager
01:53:24: Plugin successfully installed
01:53:24: Loading library Plugin_TheoraVideoSystem
01:53:24: Registering Texture Controller: Type = ogg_video Name = TheoraVideoPlugin
01:53:24: D3D9 : RenderSystem Option: Full Screen = false
01:53:24: D3D9 : RenderSystem Option: Video Mode = 600 x 480 @ 32-bit colour
01:53:24: CPU Identifier & Features
01:53:24: -------------------------
01:53:24:  *   CPU ID: GenuineIntel: Intel(R) Core(TM)2 Quad  CPU   Q8200  @ 2.33GHz
01:53:24:  *      SSE: yes
01:53:24:  *     SSE2: yes
01:53:24:  *     SSE3: yes
01:53:24:  *      MMX: yes
01:53:24:  *   MMXEXT: yes
01:53:24:  *    3DNOW: no
01:53:24:  * 3DNOWEXT: no
01:53:24:  *     CMOV: yes
01:53:24:  *      TSC: yes
01:53:24:  *      FPU: yes
01:53:24:  *      PRO: yes
01:53:24:  *       HT: no
01:53:24: -------------------------
01:53:24: D3D9 : Subsystem Initialising
01:53:24: Registering ResourceManager for type Texture
01:53:24: Registering ResourceManager for type GpuProgram
01:53:24: D3D9RenderSystem::_createRenderWindow "Core", 600x480 windowed  miscParams: FSAA=0 FSAAHint= colourDepth=32 gamma=false monitorIndex=0 useNVPerfHUD=false vsync=true vsyncInterval=1 
01:53:24: D3D9 : Created D3D9 Rendering Window 'Core' : 600x480, 32bpp
01:53:24: D3D9: Vertex texture format supported - PF_FLOAT16_RGB
01:53:24: D3D9: Vertex texture format supported - PF_FLOAT16_RGBA
01:53:24: D3D9: Vertex texture format supported - PF_FLOAT32_RGB
01:53:24: D3D9: Vertex texture format supported - PF_FLOAT32_RGBA
01:53:24: D3D9: Vertex texture format supported - PF_FLOAT16_R
01:53:24: D3D9: Vertex texture format supported - PF_FLOAT32_R
01:53:24: D3D9: Vertex texture format supported - PF_FLOAT16_GR
01:53:24: D3D9: Vertex texture format supported - PF_FLOAT32_GR
01:53:24: RenderSystem capabilities
01:53:24: -------------------------
01:53:24: RenderSystem Name: Direct3D9 Rendering Subsystem
01:53:24: GPU Vendor: nvidia
01:53:24: Device Name: Monitor-1-NVIDIA GeForce 9800 GTX/9800 GTX+
01:53:24: Driver Version: 6.14.11.9745
01:53:24:  * Fixed function pipeline: yes
01:53:24:  * Hardware generation of mipmaps: yes
01:53:24:  * Texture blending: yes
01:53:24:  * Anisotropic texture filtering: yes
01:53:24:  * Dot product texture operation: yes
01:53:24:  * Cube mapping: yes
01:53:24:  * Hardware stencil buffer: yes
01:53:24:    - Stencil depth: 8
01:53:24:    - Two sided stencil support: yes
01:53:24:    - Wrap stencil values: yes
01:53:24:  * Hardware vertex / index buffers: yes
01:53:24:  * Vertex programs: yes
01:53:24:  * Number of floating-point constants for vertex programs: 256
01:53:24:  * Number of integer constants for vertex programs: 16
01:53:24:  * Number of boolean constants for vertex programs: 16
01:53:24:  * Fragment programs: yes
01:53:24:  * Number of floating-point constants for fragment programs: 224
01:53:24:  * Number of integer constants for fragment programs: 16
01:53:24:  * Number of boolean constants for fragment programs: 16
01:53:24:  * Geometry programs: no
01:53:24:  * Number of floating-point constants for geometry programs: 0
01:53:24:  * Number of integer constants for geometry programs: 0
01:53:24:  * Number of boolean constants for geometry programs: 0
01:53:24:  * Supported Shader Profiles: hlsl ps_1_1 ps_1_2 ps_1_3 ps_1_4 ps_2_0 ps_2_a ps_2_b ps_2_x ps_3_0 vs_1_1 vs_2_0 vs_2_a vs_2_x vs_3_0
01:53:24:  * Texture Compression: yes
01:53:24:    - DXT: yes
01:53:24:    - VTC: no
01:53:24:    - PVRTC: no
01:53:24:  * Scissor Rectangle: yes
01:53:24:  * Hardware Occlusion Query: yes
01:53:24:  * User clip planes: yes
01:53:24:  * VET_UBYTE4 vertex element type: yes
01:53:24:  * Infinite far plane projection: yes
01:53:24:  * Hardware render-to-texture: yes
01:53:24:  * Floating point textures: yes
01:53:24:  * Non-power-of-two textures: yes
01:53:24:  * Volume textures: yes
01:53:24:  * Multiple Render Targets: 4
01:53:24:    - With different bit depths: yes
01:53:24:  * Point Sprites: yes
01:53:24:  * Extended point parameters: yes
01:53:24:  * Max Point Size: 10
01:53:24:  * Vertex texture fetch: yes
01:53:24:  * Number of world matrices: 0
01:53:24:  * Number of texture units: 8
01:53:24:  * Stencil buffer depth: 8
01:53:24:  * Number of vertex blend matrices: 0
01:53:24:    - Max vertex textures: 4
01:53:24:    - Vertex textures shared: no
01:53:24:  * Render to Vertex Buffer : no
01:53:24:  * DirectX per stage constants: yes
01:53:24: ***************************************
01:53:24: *** D3D9 : Subsystem Initialised OK ***
01:53:24: ***************************************
01:53:24: DefaultWorkQueue('Root') initialising on thread main.
01:53:24: Particle Renderer Type 'billboard' registered
01:53:24: SceneManagerFactory for type 'OctreeSceneManager' registered.
01:53:24: SceneManagerFactory for type 'TerrainSceneManager' registered.
01:53:24: Parsing scripts for resource group Autodetect
01:53:24: Finished parsing scripts for resource group Autodetect
01:53:24: Parsing scripts for resource group General
01:53:24: Parsing script GroundFog.program
01:53:24: Parsing script Haze.program
01:53:24: Parsing script MinimalCompositorVP.program
01:53:24: Parsing script Core.material
01:53:24: Parsing script DepthComposer.material
01:53:24: Parsing script GroundFog.material
01:53:24: Parsing script LayeredClouds.material
01:53:24: Parsing script moon.material
01:53:24: Parsing script PointStarfield.material
01:53:24: Parsing script Precipitation.material
01:53:24: Parsing script SkyDome.material
01:53:24: Parsing script Starfield.material
01:53:24: Parsing script Sun.material
01:53:24: Parsing script Soldier.material
01:53:24: Parsing script Genmarine.material
01:53:24: Compiler error: object name expected in Genmarine.material(1)
01:53:24: Parsing script DepthComposer.compositor
01:53:24: Parsing script Precipitation.compositor
01:53:24: Parsing script common.fontdef
01:53:24: Parsing script LoadingPanel.overlay
01:53:24: Texture: StatsBorderCenter.png: Loading 1 faces(PF_A8R8G8B8,256x128x1) with  hardware generated mipmaps from Image. Internal format is PF_A8R8G8B8,256x128x1.
01:53:24: Texture: StatsBorder.png: Loading 1 faces(PF_A8R8G8B8,256x256x1) with  hardware generated mipmaps from Image. Internal format is PF_A8R8G8B8,256x256x1.
01:53:24: Font BlueHighusing texture size 1024x512
01:53:24: Info: Freetype returned null for character 127 in font BlueHigh
01:53:24: Info: Freetype returned null for character 128 in font BlueHigh
01:53:24: Info: Freetype returned null for character 129 in font BlueHigh
01:53:24: Info: Freetype returned null for character 130 in font BlueHigh
01:53:24: Info: Freetype returned null for character 131 in font BlueHigh
01:53:24: Info: Freetype returned null for character 132 in font BlueHigh
01:53:24: Info: Freetype returned null for character 133 in font BlueHigh
01:53:24: Info: Freetype returned null for character 134 in font BlueHigh
01:53:24: Info: Freetype returned null for character 135 in font BlueHigh
01:53:24: Info: Freetype returned null for character 136 in font BlueHigh
01:53:24: Info: Freetype returned null for character 137 in font BlueHigh
01:53:24: Info: Freetype returned null for character 138 in font BlueHigh
01:53:24: Info: Freetype returned null for character 139 in font BlueHigh
01:53:24: Info: Freetype returned null for character 140 in font BlueHigh
01:53:24: Info: Freetype returned null for character 141 in font BlueHigh
01:53:24: Info: Freetype returned null for character 142 in font BlueHigh
01:53:24: Info: Freetype returned null for character 143 in font BlueHigh
01:53:24: Info: Freetype returned null for character 144 in font BlueHigh
01:53:24: Info: Freetype returned null for character 145 in font BlueHigh
01:53:24: Info: Freetype returned null for character 146 in font BlueHigh
01:53:24: Info: Freetype returned null for character 147 in font BlueHigh
01:53:24: Info: Freetype returned null for character 148 in font BlueHigh
01:53:24: Info: Freetype returned null for character 149 in font BlueHigh
01:53:24: Info: Freetype returned null for character 150 in font BlueHigh
01:53:24: Info: Freetype returned null for character 151 in font BlueHigh
01:53:24: Info: Freetype returned null for character 152 in font BlueHigh
01:53:24: Info: Freetype returned null for character 153 in font BlueHigh
01:53:24: Info: Freetype returned null for character 154 in font BlueHigh
01:53:24: Info: Freetype returned null for character 155 in font BlueHigh
01:53:24: Info: Freetype returned null for character 156 in font BlueHigh
01:53:24: Info: Freetype returned null for character 157 in font BlueHigh
01:53:24: Info: Freetype returned null for character 158 in font BlueHigh
01:53:24: Info: Freetype returned null for character 159 in font BlueHigh
01:53:24: Info: Freetype returned null for character 160 in font BlueHigh
01:53:24: Texture: BlueHighTexture: Loading 1 faces(PF_BYTE_LA,1024x512x1) with 0 generated mipmaps from Image. Internal format is PF_BYTE_LA,1024x512x1.
01:53:24: Finished parsing scripts for resource group General
01:53:24: Parsing scripts for resource group Internal
01:53:24: Finished parsing scripts for resource group Internal
01:53:24: TerrainSceneManager: Registered a new PageSource for type Heightmap
01:53:25: *-*-* OgreAL Initialization
01:53:25: MovableObjectFactory for type 'OgreAL_Sound' registered.
01:53:25: MovableObjectFactory for type 'OgreAL_Listener' registered.
01:53:25: *-*-* Creating OpenAL
01:53:25: OpenAL Version: 1.1
01:53:25: Available Devices
01:53:25: -----------------
01:53:25:  * Generic Hardware
01:53:25:  * Generic Software
01:53:25: Choosing: Generic Hardware
01:53:25: Supported Formats
01:53:25: -----------------
01:53:25:  * AL_FORMAT_MONO16, Monophonic CSound
01:53:25:  * AL_FORMAT_STEREO16, Stereo CSound
01:53:25:  * AL_FORMAT_QUAD16, 4 Channel CSound
01:53:25:  * AL_FORMAT_51CHN16, 5.1 Surround CSound
01:53:25:  * AL_FORMAT_61CHN16, 6.1 Surround CSound
01:53:25:  * AL_FORMAT_71CHN16, 7.1 Surround CSound
01:53:25: EAX 2.0 Detected
01:53:25: EFX Extension Found
01:53:25: Creating resource group OgreOde
01:53:25: Added resource location '.\Media.zip' of type 'Zip' to resource group 'OgreOde' with recursive option
01:53:25: Initialising resource group OgreOde
01:53:25: Parsing scripts for resource group OgreOde
01:53:25: Parsing script Genmarine.material
01:53:25: Compiler error: object name expected in Genmarine.material(1)
01:53:25: Parsing script gun.material
01:53:25: Parsing script plane.material
01:53:25: Parsing script Soldier.material
01:53:25: Parsing script SoldierTarget.material
01:53:25: Parsing script soldier.overlay
01:53:25: Texture: target.png: Loading 1 faces(PF_A8R8G8B8,45x45x1) with 5 generated mipmaps from Image. Internal format is PF_A8R8G8B8,45x45x1.
01:53:25: Finished parsing scripts for resource group OgreOde
01:53:25: MovableObjectFactory for type 'ODERagdoll' registered.
01:53:25: Mesh: Loading plane.mesh.
01:53:25: WARNING: plane.mesh is an older format ([MeshSerializer_v1.20]); you should upgrade it as soon as possible using the OgreMeshUpgrade tool.
01:53:25: Texture: tiled_floor.jpg: Loading 1 faces(PF_R8G8B8,512x512x1) with  hardware generated mipmaps from Image. Internal format is PF_X8R8G8B8,512x512x1.
01:53:26: *** Initializing OIS ***
01:53:56: Unloading resource group OgreOde
01:53:56: Finished unloading resource group OgreOde
01:53:56: Removed resource location .\Media.zip
