15:12:46: Creating resource group General
15:12:46: Creating resource group Internal
15:12:46: Creating resource group Autodetect
15:12:46: SceneManagerFactory for type 'DefaultSceneManager' registered.
15:12:46: Registering ResourceManager for type Material
15:12:46: Registering ResourceManager for type Mesh
15:12:46: Registering ResourceManager for type Skeleton
15:12:46: MovableObjectFactory for type 'ParticleSystem' registered.
15:12:46: OverlayElementFactory for type Panel registered.
15:12:46: OverlayElementFactory for type BorderPanel registered.
15:12:46: OverlayElementFactory for type TextArea registered.
15:12:46: Registering ResourceManager for type Font
15:12:46: ArchiveFactory for archive type FileSystem registered.
15:12:46: ArchiveFactory for archive type Zip registered.
15:12:46: FreeImage version: 3.10.0
15:12:46: This program uses FreeImage, a free, open source image library supporting all common bitmap formats. See http://freeimage.sourceforge.net for details
15:12:46: Supported formats: bmp,ico,jpg,jif,jpeg,jpe,jng,koa,iff,lbm,mng,pbm,pbm,pcd,pcx,pgm,pgm,png,ppm,ppm,ras,tga,targa,tif,tiff,wap,wbmp,wbm,psd,cut,xbm,xpm,gif,hdr,g3,sgi,exr,j2k,j2c,jp2
15:12:46: DDS codec registering
15:12:46: Registering ResourceManager for type HighLevelGpuProgram
15:12:46: Registering ResourceManager for type Compositor
15:12:46: MovableObjectFactory for type 'Entity' registered.
15:12:46: MovableObjectFactory for type 'Light' registered.
15:12:46: MovableObjectFactory for type 'BillboardSet' registered.
15:12:46: MovableObjectFactory for type 'ManualObject' registered.
15:12:46: MovableObjectFactory for type 'BillboardChain' registered.
15:12:46: MovableObjectFactory for type 'RibbonTrail' registered.
15:12:46: *-*-* OGRE Initialising
15:12:46: *-*-* Version 1.8.0unstable (Byatis)
15:12:46: Added resource location '../../media/Common' of type 'FileSystem' to resource group 'General'
15:12:46: Added resource location '../../media/Models' of type 'FileSystem' to resource group 'General'
15:12:46: Creating resource group Sound
15:12:46: Added resource location '../../media/Sounds/Mono' of type 'FileSystem' to resource group 'Sound'
15:12:46: Added resource location '../../media/Compositors' of type 'FileSystem' to resource group 'General'
15:12:46: Added resource location '../../media/Common/fonts.zip' of type 'Zip' to resource group 'General'
15:12:46: Added resource location '../../media/Common/music.zip' of type 'Zip' to resource group 'General'
15:12:46: Added resource location '../../media/Common/theme.zip' of type 'Zip' to resource group 'General'
15:12:46: Added resource location '../../media/Common/sky.zip' of type 'Zip' to resource group 'General'
15:12:46: Added resource location '../../media/Common/soldier.zip' of type 'Zip' to resource group 'General'
15:12:47: Added resource location '../../media/Common/GenMarine.zip' of type 'Zip' to resource group 'General'
15:12:47: Creating resource group Hydrax
15:12:47: Added resource location '../../media/Common/Hydrax.zip' of type 'Zip' to resource group 'Hydrax'
15:12:47: Added resource location '../../media/Common/Hud.zip' of type 'Zip' to resource group 'General'
15:12:47: Added resource location '../../media/Common/SkyBoxes.zip' of type 'Zip' to resource group 'General'
15:12:47: Added resource location '../../media/Common/GUI.zip' of type 'Zip' to resource group 'General'
15:12:47: Loading library RenderSystem_GL_d
15:12:47: Installing plugin: GL RenderSystem
15:12:47: OpenGL Rendering Subsystem created.
15:12:47: Plugin successfully installed
15:12:47: Loading library Plugin_ParticleFX_d
15:12:47: Installing plugin: ParticleFX
15:12:47: Particle Emitter Type 'Point' registered
15:12:47: Particle Emitter Type 'Box' registered
15:12:47: Particle Emitter Type 'Ellipsoid' registered
15:12:47: Particle Emitter Type 'Cylinder' registered
15:12:47: Particle Emitter Type 'Ring' registered
15:12:47: Particle Emitter Type 'HollowEllipsoid' registered
15:12:47: Particle Affector Type 'LinearForce' registered
15:12:47: Particle Affector Type 'ColourFader' registered
15:12:47: Particle Affector Type 'ColourFader2' registered
15:12:47: Particle Affector Type 'ColourImage' registered
15:12:47: Particle Affector Type 'ColourInterpolator' registered
15:12:47: Particle Affector Type 'Scaler' registered
15:12:47: Particle Affector Type 'Rotator' registered
15:12:47: Particle Affector Type 'DirectionRandomiser' registered
15:12:47: Particle Affector Type 'DeflectorPlane' registered
15:12:47: Plugin successfully installed
15:12:47: Loading library Plugin_CgProgramManager_d
15:12:47: Installing plugin: Cg Program Manager
15:12:47: Plugin successfully installed
15:12:47: Loading library Plugin_OctreeSceneManager_d
15:12:47: Installing plugin: Octree & Terrain Scene Manager
15:12:47: Plugin successfully installed
15:12:47: CPU Identifier & Features
15:12:47: -------------------------
15:12:47:  *   CPU ID: GenuineIntel: Intel(R) Core(TM)2 Duo CPU     E7400  @ 2.80GHz
15:12:47:  *      SSE: yes
15:12:47:  *     SSE2: yes
15:12:47:  *     SSE3: yes
15:12:47:  *      MMX: yes
15:12:47:  *   MMXEXT: yes
15:12:47:  *    3DNOW: no
15:12:47:  * 3DNOWEXT: no
15:12:47:  *     CMOV: yes
15:12:47:  *      TSC: yes
15:12:47:  *      FPU: yes
15:12:47:  *      PRO: yes
15:12:47:  *       HT: no
15:12:47: -------------------------
15:12:47: *** Starting Win32GL Subsystem ***
15:12:47: GLRenderSystem::_createRenderWindow "Core", 800x600 windowed  miscParams: FSAA=0 FSAAHint= colourDepth=32 displayFrequency=60 gamma=false vsync=false vsyncInterval=1 
15:12:47: Created Win32Window 'Core' : 816x638, 32bpp
15:12:47: GL_VERSION = 3.1.0
15:12:47: GL_VENDOR = NVIDIA Corporation
15:12:47: GL_RENDERER = Quadro NVS 290/PCI/SSE2
15:12:48: GL_EXTENSIONS = GL_ARB_color_buffer_float GL_ARB_compatibility GL_ARB_copy_buffer GL_ARB_depth_buffer_float GL_ARB_depth_texture GL_ARB_draw_buffers GL_ARB_draw_instanced GL_ARB_fragment_program GL_ARB_fragment_program_shadow GL_ARB_fragment_shader GL_ARB_half_float_pixel GL_ARB_half_float_vertex GL_ARB_framebuffer_object GL_ARB_geometry_shader4 GL_ARB_imaging GL_ARB_map_buffer_range GL_ARB_multisample GL_ARB_multitexture GL_ARB_occlusion_query GL_ARB_pixel_buffer_object GL_ARB_point_parameters GL_ARB_point_sprite GL_ARB_shadow GL_ARB_shader_objects GL_ARB_shading_language_100 GL_ARB_texture_border_clamp GL_ARB_texture_buffer_object GL_ARB_texture_compression GL_ARB_texture_cube_map GL_ARB_texture_env_add GL_ARB_texture_env_combine GL_ARB_texture_env_dot3 GL_ARB_texture_float GL_ARB_texture_mirrored_repeat GL_ARB_texture_non_power_of_two GL_ARB_texture_rectangle GL_ARB_texture_rg GL_ARB_transpose_matrix GL_ARB_vertex_array_object GL_ARB_vertex_buffer_object GL_ARB_vertex_program GL_ARB_vertex_shader GL_ARB_window_pos GL_ATI_draw_buffers GL_ATI_texture_float GL_ATI_texture_mirror_once GL_S3_s3tc GL_EXT_texture_env_add GL_EXT_abgr GL_EXT_bgra GL_EXT_blend_color GL_EXT_blend_equation_separate GL_EXT_blend_func_separate GL_EXT_blend_minmax GL_EXT_blend_subtract GL_EXT_compiled_vertex_array GL_EXT_Cg_shader GL_EXT_bindable_uniform GL_EXT_depth_bounds_test GL_EXT_direct_state_access GL_EXT_draw_buffers2 GL_EXT_draw_instanced GL_EXT_draw_range_elements GL_EXT_fog_coord GL_EXT_framebuffer_blit GL_EXT_framebuffer_multisample GL_EXT_framebuffer_object GL_EXTX_framebuffer_mixed_formats GL_EXT_framebuffer_sRGB GL_EXT_geometry_shader4 GL_EXT_gpu_program_parameters GL_EXT_gpu_shader4 GL_EXT_multi_draw_arrays GL_EXT_packed_depth_stencil GL_EXT_packed_float GL_EXT_packed_pixels GL_EXT_pixel_buffer_object GL_EXT_point_parameters GL_EXT_provoking_vertex GL_EXT_rescale_normal GL_EXT_secondary_color GL_EXT_separate_shader_objects GL_EXT_separate_specular_color GL_EXT_shadow_funcs GL_EXT_stencil_two_side GL_EXT_stencil_wrap GL_EXT_texture3D GL_EXT_texture_array GL_EXT_texture_buffer_object GL_EXT_texture_compression_latc GL_EXT_texture_compression_rgtc GL_EXT_texture_compression_s3tc GL_EXT_texture_cube_map GL_EXT_texture_edge_clamp GL_EXT_texture_env_combine GL_EXT_texture_env_dot3 GL_EXT_texture_filter_anisotropic GL_EXT_texture_integer GL_EXT_texture_lod GL_EXT_texture_lod_bias GL_EXT_texture_mirror_clamp GL_EXT_texture_object GL_EXT_texture_sRGB GL_EXT_texture_swizzle GL_EXT_texture_shared_exponent GL_EXT_timer_query GL_EXT_vertex_array GL_EXT_vertex_array_bgra GL_IBM_rasterpos_clip GL_IBM_texture_mirrored_repeat GL_KTX_buffer_region GL_NV_blend_square GL_NV_copy_depth_to_color GL_NV_copy_image GL_NV_depth_buffer_float GL_NV_conditional_render GL_NV_depth_clamp GL_NV_explicit_multisample GL_NV_fence GL_NV_float_buffer GL_NV_fog_distance GL_NV_fragment_program GL_NV_fragment_program_option GL_NV_fragment_program2 GL_NV_framebuffer_multisample_coverage GL_NV_geometry_shader4 GL_NV_gpu_program4 GL_NV_half_float GL_NV_light_max_exponent GL_NV_multisample_coverage GL_NV_multisample_filter_hint GL_NV_occlusion_query GL_NV_packed_depth_stencil GL_NV_parameter_buffer_object GL_NV_parameter_buffer_object2 GL_NV_pixel_data_range GL_NV_point_sprite GL_NV_primitive_restart GL_NV_register_combiners GL_NV_register_combiners2 GL_NV_texgen_reflection GL_NV_texture_compression_vtc GL_NV_texture_env_combine4 GL_NV_texture_expand_normal GL_NV_texture_rectangle GL_NV_texture_shader GL_NV_texture_shader2 GL_NV_texture_shader3 GL_NV_transform_feedback GL_NV_vertex_array_range GL_NV_vertex_array_range2 GL_NV_vertex_program GL_NV_vertex_program1_1 GL_NV_vertex_program2 GL_NV_vertex_program2_option GL_NV_vertex_program3 GL_NVX_conditional_render GL_NV_vertex_buffer_unified_memory GL_NV_shader_buffer_load GL_SGIS_generate_mipmap GL_SGIS_texture_lod GL_SGIX_depth_texture GL_SGIX_shadow GL_SUN_slice_accum GL_WIN_swap_hint WGL_EXT_swap_control 
15:12:48: Supported WGL extensions: WGL_ARB_buffer_region WGL_ARB_extensions_string WGL_ARB_make_current_read WGL_ARB_multisample WGL_ARB_pbuffer WGL_ARB_pixel_format WGL_ARB_pixel_format_float WGL_ARB_render_texture WGL_ATI_pixel_format_float WGL_ARB_create_context WGL_EXT_extensions_string WGL_EXT_framebuffer_sRGB WGL_EXT_pixel_format_packed_float WGL_EXT_swap_control WGL_NV_float_buffer WGL_NV_multisample_coverage WGL_NV_render_depth_texture WGL_NV_render_texture_rectangle 
15:12:48: ***************************
15:12:48: *** GL Renderer Started ***
15:12:48: ***************************
15:12:48: Registering ResourceManager for type GpuProgram
15:12:48: GLSL support detected
15:12:48: GL: Using GL_EXT_framebuffer_object for rendering to textures (best)
15:12:48: FBO PF_UNKNOWN depth/stencil support: D16S0 D24S0 D32S0 Packed-D24S8 
15:12:48: FBO PF_L8 depth/stencil support: D0S0 D16S0 D24S0 D32S0 Packed-D24S8 
15:12:48: FBO PF_A8 depth/stencil support: D0S0 D16S0 D24S0 D32S0 Packed-D24S8 
15:12:48: FBO PF_A4L4 depth/stencil support: D0S0 D16S0 D24S0 D32S0 Packed-D24S8 
15:12:48: FBO PF_BYTE_LA depth/stencil support: D0S0 D16S0 D24S0 D32S0 Packed-D24S8 
15:12:48: FBO PF_R5G6B5 depth/stencil support: D0S0 D16S0 D24S0 D32S0 Packed-D24S8 
15:12:48: FBO PF_B5G6R5 depth/stencil support: D0S0 D16S0 D24S0 D32S0 Packed-D24S8 
15:12:48: FBO PF_A1R5G5B5 depth/stencil support: D0S0 D16S0 D24S0 D32S0 Packed-D24S8 
15:12:48: FBO PF_R8G8B8 depth/stencil support: D0S0 D16S0 D24S0 D32S0 Packed-D24S8 
15:12:48: FBO PF_B8G8R8 depth/stencil support: D0S0 D16S0 D24S0 D32S0 Packed-D24S8 
15:12:48: FBO PF_A8R8G8B8 depth/stencil support: D0S0 D16S0 D24S0 D32S0 Packed-D24S8 
15:12:48: FBO PF_B8G8R8A8 depth/stencil support: D0S0 D16S0 D24S0 D32S0 Packed-D24S8 
15:12:48: FBO PF_A2R10G10B10 depth/stencil support: D0S0 D16S0 D24S0 D32S0 Packed-D24S8 
15:12:48: FBO PF_A2B10G10R10 depth/stencil support: D0S0 D16S0 D24S0 D32S0 Packed-D24S8 
15:12:48: FBO PF_FLOAT16_RGB depth/stencil support: D0S0 D16S0 D24S0 D32S0 Packed-D24S8 
15:12:48: FBO PF_FLOAT16_RGBA depth/stencil support: D0S0 D16S0 D24S0 D32S0 Packed-D24S8 
15:12:48: FBO PF_FLOAT32_RGB depth/stencil support: D0S0 D16S0 D24S0 D32S0 Packed-D24S8 
15:12:49: FBO PF_FLOAT32_RGBA depth/stencil support: D0S0 D16S0 D24S0 D32S0 Packed-D24S8 
15:12:49: FBO PF_X8R8G8B8 depth/stencil support: D0S0 D16S0 D24S0 D32S0 Packed-D24S8 
15:12:49: FBO PF_X8B8G8R8 depth/stencil support: D0S0 D16S0 D24S0 D32S0 Packed-D24S8 
15:12:49: FBO PF_SHORT_RGBA depth/stencil support: D0S0 D16S0 D24S0 D32S0 Packed-D24S8 
15:12:49: FBO PF_R3G3B2 depth/stencil support: D0S0 D16S0 D24S0 D32S0 Packed-D24S8 
15:12:49: FBO PF_FLOAT16_R depth/stencil support: D0S0 D16S0 D24S0 D32S0 Packed-D24S8 
15:12:49: FBO PF_FLOAT32_R depth/stencil support: D0S0 D16S0 D24S0 D32S0 Packed-D24S8 
15:12:49: FBO PF_FLOAT16_GR depth/stencil support: D0S0 D16S0 D24S0 D32S0 Packed-D24S8 
15:12:49: FBO PF_FLOAT32_GR depth/stencil support: D0S0 D16S0 D24S0 D32S0 Packed-D24S8 
15:12:49: FBO PF_SHORT_RGB depth/stencil support: D0S0 D16S0 D24S0 D32S0 Packed-D24S8 
15:12:49: [GL] : Valid FBO targets PF_UNKNOWN PF_L8 PF_A8 PF_A4L4 PF_BYTE_LA PF_R5G6B5 PF_B5G6R5 PF_A1R5G5B5 PF_R8G8B8 PF_B8G8R8 PF_A8R8G8B8 PF_B8G8R8A8 PF_A2R10G10B10 PF_A2B10G10R10 PF_FLOAT16_RGB PF_FLOAT16_RGBA PF_FLOAT32_RGB PF_FLOAT32_RGBA PF_X8R8G8B8 PF_X8B8G8R8 PF_SHORT_RGBA PF_R3G3B2 PF_FLOAT16_R PF_FLOAT32_R PF_FLOAT16_GR PF_FLOAT32_GR PF_SHORT_RGB 
15:12:49: RenderSystem capabilities
15:12:49: -------------------------
15:12:49: RenderSystem Name: OpenGL Rendering Subsystem
15:12:49: GPU Vendor: nvidia
15:12:49: Device Name: Quadro NVS 290/PCI/SSE2
15:12:49: Driver Version: 3.1.0.0
15:12:49:  * Fixed function pipeline: yes
15:12:49:  * Hardware generation of mipmaps: yes
15:12:49:  * Texture blending: yes
15:12:49:  * Anisotropic texture filtering: yes
15:12:49:  * Dot product texture operation: yes
15:12:49:  * Cube mapping: yes
15:12:49:  * Hardware stencil buffer: yes
15:12:49:    - Stencil depth: 8
15:12:49:    - Two sided stencil support: yes
15:12:49:    - Wrap stencil values: yes
15:12:49:  * Hardware vertex / index buffers: yes
15:12:49:  * Vertex programs: yes
15:12:49:  * Number of floating-point constants for vertex programs: 1024
15:12:49:  * Number of integer constants for vertex programs: 0
15:12:49:  * Number of boolean constants for vertex programs: 0
15:12:49:  * Fragment programs: yes
15:12:49:  * Number of floating-point constants for fragment programs: 512
15:12:49:  * Number of integer constants for fragment programs: 0
15:12:49:  * Number of boolean constants for fragment programs: 0
15:12:49:  * Geometry programs: yes
15:12:49:  * Number of floating-point constants for geometry programs: 512
15:12:49:  * Number of integer constants for geometry programs: 0
15:12:49:  * Number of boolean constants for geometry programs: 0
15:12:49:  * Supported Shader Profiles: arbfp1 arbvp1 fp20 fp30 fp40 glsl gp4gp gpu_gp nvgp4 vp30 vp40
15:12:49:  * Texture Compression: yes
15:12:49:    - DXT: yes
15:12:49:    - VTC: yes
15:12:49:    - PVRTC: no
15:12:49:  * Scissor Rectangle: yes
15:12:49:  * Hardware Occlusion Query: yes
15:12:49:  * User clip planes: yes
15:12:49:  * VET_UBYTE4 vertex element type: yes
15:12:49:  * Infinite far plane projection: yes
15:12:49:  * Hardware render-to-texture: yes
15:12:49:  * Floating point textures: yes
15:12:49:  * Non-power-of-two textures: yes
15:12:49:  * Volume textures: yes
15:12:49:  * Multiple Render Targets: 8
15:12:49:    - With different bit depths: yes
15:12:49:  * Point Sprites: yes
15:12:49:  * Extended point parameters: yes
15:12:49:  * Max Point Size: 63.375
15:12:49:  * Vertex texture fetch: yes
15:12:49:  * Number of world matrices: 0
15:12:49:  * Number of texture units: 32
15:12:49:  * Stencil buffer depth: 8
15:12:49:  * Number of vertex blend matrices: 0
15:12:49:    - Max vertex textures: 32
15:12:49:    - Vertex textures shared: yes
15:12:49:  * Render to Vertex Buffer : yes
15:12:49:  * GL 1.5 without VBO workaround: no
15:12:49:  * Frame Buffer objects: yes
15:12:49:  * Frame Buffer objects (ARB extension): no
15:12:49:  * Frame Buffer objects (ATI extension): no
15:12:49:  * PBuffer support: no
15:12:49:  * GL 1.5 without HW-occlusion workaround: no
15:12:49: Registering ResourceManager for type Texture
15:12:49: DefaultWorkQueue('Root') initialising on thread main.
15:12:49: Particle Renderer Type 'billboard' registered
15:12:49: SceneManagerFactory for type 'OctreeSceneManager' registered.
15:12:49: SceneManagerFactory for type 'TerrainSceneManager' registered.
15:12:49: Parsing scripts for resource group Autodetect
15:12:49: Finished parsing scripts for resource group Autodetect
15:12:49: Parsing scripts for resource group General
15:12:49: Parsing script StdQuad_vp.program
15:12:49: Parsing script GroundFog.program
15:12:49: OGRE EXCEPTION(2:InvalidParametersException): Parameter called worldViewProj does not exist.  in GpuProgramParameters::_findNamedConstantDefinition at ..\..\OgreMain\src\OgreGpuProgramParams.cpp (line 1401)
15:12:49: Compiler error: invalid parameters in GroundFog.program(30): setting of constant failed
15:12:49: OGRE EXCEPTION(2:InvalidParametersException): Parameter called worldViewProj does not exist.  in GpuProgramParameters::_findNamedConstantDefinition at ..\..\OgreMain\src\OgreGpuProgramParams.cpp (line 1401)
15:12:49: Compiler error: invalid parameters in GroundFog.program(63): setting of constant failed
15:12:49: Parsing script Haze.program
15:12:49: OGRE EXCEPTION(2:InvalidParametersException): Parameter called worldViewProj does not exist.  in GpuProgramParameters::_findNamedConstantDefinition at ..\..\OgreMain\src\OgreGpuProgramParams.cpp (line 1401)
15:12:49: Compiler error: invalid parameters in Haze.program(30): setting of constant failed
15:12:49: Parsing script MinimalCompositorVP.program
15:12:49: Parsing script Billboards.material
15:12:49: Parsing script Common.material
15:12:49: Parsing script crate.material
15:12:49: Parsing script FirstAid1.material
15:12:49: Parsing script m4a1_1_test.material
15:12:49: Parsing script ninja.material
15:12:49: Parsing script robot.material
15:12:49: Compiler error: reference to a non existing object in robot.material(9)
15:12:49: Compiler error: reference to a non existing object in robot.material(21)
15:12:49: Parsing script zombie.material
15:12:49: Compiler error: reference to a non existing object in zombie.material(9)
15:12:49: Compiler error: reference to a non existing object in zombie.material(21)
15:12:49: Parsing script hdr.material
15:12:49: GLSL compiling: Core/Compositor/HDR/downscale2x2LuminenceGLSL_fp
15:12:49: GLSL compiled : Core/Compositor/HDR/downscale2x2LuminenceGLSL_fp
15:12:49: GLSL compiling: Core/Compositor/StdQuad_GLSL_vp
15:12:49: GLSL compiled : Core/Compositor/StdQuad_GLSL_vp
15:12:49: GLSL compiling: Core/Compositor/HDR/downscale3x3GLSL_fp
15:12:49: GLSL compiled : Core/Compositor/HDR/downscale3x3GLSL_fp
15:12:49: GLSL compiling: Core/Compositor/HDR/utils_fp
15:12:49: GLSL compiled : Core/Compositor/HDR/utils_fp
15:12:49: GLSL compiling: Core/Compositor/HDR/downscale3x3brightpassGLSL_fp
15:12:49: GLSL compiled : Core/Compositor/HDR/downscale3x3brightpassGLSL_fp
15:12:49: GLSL compiling: Core/Compositor/HDR/bloomGLSL_fp
15:12:49: GLSL compiled : Core/Compositor/HDR/bloomGLSL_fp
15:12:49: GLSL compiling: Core/Compositor/HDR/utils_fp
15:12:49: GLSL compiled : Core/Compositor/HDR/utils_fp
15:12:49: GLSL compiling: Core/Compositor/HDR/finaltonemappingGLSL_fp
15:12:49: GLSL compiled : Core/Compositor/HDR/finaltonemappingGLSL_fp
15:12:49: Parsing script ssao.material
15:12:50: Parsing script DepthComposer.material
15:12:50: Parsing script GroundFog.material
15:12:50: Parsing script LayeredClouds.material
15:12:50: OGRE EXCEPTION(2:InvalidParametersException): Parameter called worldViewProj does not exist.  in GpuProgramParameters::_findNamedConstantDefinition at ..\..\OgreMain\src\OgreGpuProgramParams.cpp (line 1401)
15:12:50: Compiler error: invalid parameters in LayeredClouds.material(30): setting of constant failed
15:12:50: Parsing script moon.material
15:12:50: Parsing script PointStarfield.material
15:12:50: Parsing script Precipitation.material
15:12:50: Parsing script SkyDome.material
15:12:50: OGRE EXCEPTION(2:InvalidParametersException): Parameter called worldViewProj does not exist.  in GpuProgramParameters::_findNamedConstantDefinition at ..\..\OgreMain\src\OgreGpuProgramParams.cpp (line 1401)
15:12:50: Compiler error: invalid parameters in SkyDome.material(58): setting of constant failed
15:12:50: Parsing script Starfield.material
15:12:50: Parsing script Sun.material
15:12:50: Parsing script Soldier.material
15:12:50: Parsing script Genmarine.material
15:12:50: Compiler error: object name expected in Genmarine.material(1)
15:12:50: Parsing script Common.particle
15:12:50: Compiler error: invalid parameters in Common.particle(15)
15:12:50: Parsing script HDR.compositor
15:12:50: Parsing script ssao.compositor
15:12:50: Parsing script DepthComposer.compositor
15:12:50: Parsing script Precipitation.compositor
15:12:50: Parsing script common.fontdef
15:12:50: Parsing script Common.overlay
15:12:50: Texture: Transparent.tga: Loading 1 faces(PF_A8R8G8B8,64x64x1) with 6 generated mipmaps from Image. Internal format is PF_A8R8G8B8,64x64x1.
15:12:50: Texture: StatsBorder.png: Loading 1 faces(PF_A8R8G8B8,256x256x1) with 8 generated mipmaps from Image. Internal format is PF_A8R8G8B8,256x256x1.
15:12:50: Font VeraMonousing texture size 512x256
15:12:50: Info: Freetype returned null for character 160 in font VeraMono
15:12:50: Texture: VeraMonoTexture: Loading 1 faces(PF_BYTE_LA,512x256x1) with 0 generated mipmaps from Image. Internal format is PF_BYTE_LA,512x256x1.
15:12:50: Texture: Compass2.jpg: Loading 1 faces(PF_R8G8B8,512x32x1) with 9 generated mipmaps from Image. Internal format is PF_X8R8G8B8,512x32x1.
15:12:50: Texture: StatsBorderCenter.png: Loading 1 faces(PF_A8R8G8B8,256x128x1) with 8 generated mipmaps from Image. Internal format is PF_A8R8G8B8,256x128x1.
15:12:50: Font BlueHighusing texture size 1024x512
15:12:50: Info: Freetype returned null for character 127 in font BlueHigh
15:12:50: Info: Freetype returned null for character 128 in font BlueHigh
15:12:50: Info: Freetype returned null for character 129 in font BlueHigh
15:12:50: Info: Freetype returned null for character 130 in font BlueHigh
15:12:50: Info: Freetype returned null for character 131 in font BlueHigh
15:12:50: Info: Freetype returned null for character 132 in font BlueHigh
15:12:50: Info: Freetype returned null for character 133 in font BlueHigh
15:12:50: Info: Freetype returned null for character 134 in font BlueHigh
15:12:50: Info: Freetype returned null for character 135 in font BlueHigh
15:12:50: Info: Freetype returned null for character 136 in font BlueHigh
15:12:50: Info: Freetype returned null for character 137 in font BlueHigh
15:12:50: Info: Freetype returned null for character 138 in font BlueHigh
15:12:50: Info: Freetype returned null for character 139 in font BlueHigh
15:12:50: Info: Freetype returned null for character 140 in font BlueHigh
15:12:50: Info: Freetype returned null for character 141 in font BlueHigh
15:12:50: Info: Freetype returned null for character 142 in font BlueHigh
15:12:50: Info: Freetype returned null for character 143 in font BlueHigh
15:12:50: Info: Freetype returned null for character 144 in font BlueHigh
15:12:50: Info: Freetype returned null for character 145 in font BlueHigh
15:12:50: Info: Freetype returned null for character 146 in font BlueHigh
15:12:50: Info: Freetype returned null for character 147 in font BlueHigh
15:12:50: Info: Freetype returned null for character 148 in font BlueHigh
15:12:50: Info: Freetype returned null for character 149 in font BlueHigh
15:12:50: Info: Freetype returned null for character 150 in font BlueHigh
15:12:50: Info: Freetype returned null for character 151 in font BlueHigh
15:12:50: Info: Freetype returned null for character 152 in font BlueHigh
15:12:50: Info: Freetype returned null for character 153 in font BlueHigh
15:12:50: Info: Freetype returned null for character 154 in font BlueHigh
15:12:50: Info: Freetype returned null for character 155 in font BlueHigh
15:12:50: Info: Freetype returned null for character 156 in font BlueHigh
15:12:50: Info: Freetype returned null for character 157 in font BlueHigh
15:12:50: Info: Freetype returned null for character 158 in font BlueHigh
15:12:50: Info: Freetype returned null for character 159 in font BlueHigh
15:12:50: Info: Freetype returned null for character 160 in font BlueHigh
15:12:50: Texture: BlueHighTexture: Loading 1 faces(PF_BYTE_LA,1024x512x1) with 0 generated mipmaps from Image. Internal format is PF_BYTE_LA,1024x512x1.
15:12:50: Texture: minimap.png: Loading 1 faces(PF_A8R8G8B8,350x350x1) with 8 generated mipmaps from Image. Internal format is PF_A8R8G8B8,350x350x1.
15:12:50: Texture: minimapborder.png: Loading 1 faces(PF_A8R8G8B8,117x115x1) with 6 generated mipmaps from Image. Internal format is PF_A8R8G8B8,117x115x1.
15:12:50: Texture: target.png: Loading 1 faces(PF_A8R8G8B8,45x45x1) with 5 generated mipmaps from Image. Internal format is PF_A8R8G8B8,45x45x1.
15:12:50: Finished parsing scripts for resource group General
15:12:50: Parsing scripts for resource group Hydrax
15:12:50: Finished parsing scripts for resource group Hydrax
15:12:50: Parsing scripts for resource group Internal
15:12:50: Finished parsing scripts for resource group Internal
15:12:50: Parsing scripts for resource group Sound
15:12:50: Finished parsing scripts for resource group Sound
15:12:50: TerrainSceneManager: Registered a new PageSource for type Heightmap
15:12:50: *** Initializing OIS ***
15:12:51: *** Loading core plugin ../../Bin/Debug/Plugins\PluginAiState_Misc1.dll ***
15:12:51: *** Loading core plugin ../../Bin/Debug/Plugins\PluginCamera_Core1.dll ***
15:12:51: *** Loading core plugin ../../Bin/Debug/Plugins\PluginConsole.dll ***
15:12:51: *** Loading core plugin ../../Bin/Debug/Plugins\PluginConsoleCheat.dll ***
15:12:51: *** Loading core plugin ../../Bin/Debug/Plugins\PluginGameObject_Misc1.dll ***
15:12:51: *** Loading core plugin ../../Bin/Debug/Plugins\PluginMission_Core1Pack1.dll ***
15:12:51: *** Loading core plugin ../../Bin/Debug/Plugins\PluginParticleEffect_Core1.dll ***
15:12:51: *** Loading core plugin ../../Bin/Debug/Plugins\PluginPlayers_Core1.dll ***
15:12:51: *-*-* OgreAL Initialization
15:12:51: MovableObjectFactory for type 'OgreAL_Sound' registered.
15:12:51: MovableObjectFactory for type 'OgreAL_Listener' registered.
15:12:51: *-*-* Creating OpenAL
15:12:51: OpenAL Version: 1.1
15:12:51: Available Devices
15:12:51: -----------------
15:12:51:  * Generic Software
15:12:51: Choosing: Generic Software
15:12:51: Supported Formats
15:12:51: -----------------
15:12:51:  * AL_FORMAT_MONO16, Monophonic CSound
15:12:51:  * AL_FORMAT_STEREO16, Stereo CSound
15:12:51:  * AL_FORMAT_QUAD16, 4 Channel CSound
15:12:51:  * AL_FORMAT_51CHN16, 5.1 Surround CSound
15:12:51:  * AL_FORMAT_61CHN16, 6.1 Surround CSound
15:12:51:  * AL_FORMAT_71CHN16, 7.1 Surround CSound
15:12:51: EAX 2.0 Detected
15:12:51: EFX Extension Found
15:12:51: *** Registering compositors ***
15:12:51: CompositorChain: Compositor HDR has no supported techniques.
15:12:51: [CPostEffect] Disabling HDR
15:12:51: CompositorChain: Compositor SSAO has no supported techniques.
15:12:51: [CPostEffect] Disabling SSAO
15:12:51: *** Registering particles ***
15:12:51: OGRE EXCEPTION(5:ItemIdentityException): SceneNode '' not found. in SceneManager::getSceneNode at ..\..\OgreMain\src\OgreSceneManager.cpp (line 895)
15:12:51: *** Not running directX, can't use Caelum.
15:12:51: Texture: bullet5.png: Loading 1 faces(PF_A8R8G8B8,256x256x1) with 8 generated mipmaps from Image. Internal format is PF_A8R8G8B8,256x256x1.
15:12:51: Texture: bullet5_s.png: Loading 1 faces(PF_A8R8G8B8,256x256x1) with 8 generated mipmaps from Image. Internal format is PF_A8R8G8B8,256x256x1.
15:12:51: Mesh: Loading Soldier.mesh.
15:12:51: Skeleton: Loading Soldier.skeleton
15:12:52: WARNING: Soldier.mesh is an older format ([MeshSerializer_v1.40]); you should upgrade it as soon as possible using the OgreMeshUpgrade tool.
15:12:52: Texture: USMC_lowPoly.jpg: Loading 1 faces(PF_R8G8B8,1024x1024x1) with 10 generated mipmaps from Image. Internal format is PF_X8R8G8B8,1024x1024x1.
15:12:52: Texture: m4a1.jpg: Loading 1 faces(PF_R8G8B8,533x267x1) with 9 generated mipmaps from Image. Internal format is PF_X8R8G8B8,533x267x1.
15:12:52: Mesh: Loading zombie_small.mesh.
15:12:52: Skeleton: Loading zombie_small.skeleton
15:12:52: WARNING: zombie_small.mesh is an older format ([MeshSerializer_v1.40]); you should upgrade it as soon as possible using the OgreMeshUpgrade tool.
15:12:52: Texture: zombie.jpg: Loading 1 faces(PF_R8G8B8,512x512x1) with 9 generated mipmaps from Image. Internal format is PF_X8R8G8B8,512x512x1.
15:12:52: Mesh: Loading m4a1_1_test.mesh.
15:12:52: WARNING: m4a1_1_test.mesh is an older format ([MeshSerializer_v1.40]); you should upgrade it as soon as possible using the OgreMeshUpgrade tool.
15:12:52: *** Initialising world ***
15:12:52: Texture: grass.jpg: Loading 1 faces(PF_R8G8B8,512x512x1) with 9 generated mipmaps from Image. Internal format is PF_X8R8G8B8,512x512x1.
15:12:52: *** Initialising vegetation ***
15:12:52: console line count: 15
15:12:52: console line lenght: 100
15:12:52: Texture: WindowFill.png: Loading 1 faces(PF_A8R8G8B8,64x64x1) with 6 generated mipmaps from Image. Internal format is PF_A8R8G8B8,64x64x1.
